Aug-01 12:43:05.764 [main] DEBUG nextflow.cli.Launcher - $> nextflow run modules/convert_to_vcf/modules-convert_canoes_to_vcf.nf
Aug-01 12:43:05.955 [main] DEBUG nextflow.cli.CmdRun - N E X T F L O W  ~  version 24.04.1
Aug-01 12:43:06.003 [main] DEBUG nextflow.plugin.PluginsFacade - Setting up plugin manager > mode=prod; embedded=false; plugins-dir=/home/ywolberg/.nextflow/plugins; core-plugins: nf-amazon@2.5.2,nf-azure@1.6.0,nf-cloudcache@0.4.1,nf-codecommit@0.2.0,nf-console@1.1.3,nf-ga4gh@1.3.0,nf-google@1.13.2,nf-tower@1.9.1,nf-wave@1.4.2
Aug-01 12:43:06.034 [main] INFO  o.pf4j.DefaultPluginStatusProvider - Enabled plugins: []
Aug-01 12:43:06.036 [main] INFO  o.pf4j.DefaultPluginStatusProvider - Disabled plugins: []
Aug-01 12:43:06.043 [main] INFO  org.pf4j.DefaultPluginManager - PF4J version 3.10.0 in 'deployment' mode
Aug-01 12:43:06.076 [main] INFO  org.pf4j.AbstractPluginManager - No plugins
Aug-01 12:43:06.167 [main] DEBUG nextflow.config.ConfigBuilder - Found config local: /home/ywolberg/Yoni_DDD/ddd-cnv/nextflow.config
Aug-01 12:43:06.174 [main] DEBUG nextflow.config.ConfigBuilder - Parsing config file: /home/ywolberg/Yoni_DDD/ddd-cnv/nextflow.config
Aug-01 12:43:06.285 [main] DEBUG n.secret.LocalSecretsProvider - Secrets store: /home/ywolberg/.nextflow/secrets/store.json
Aug-01 12:43:06.296 [main] DEBUG nextflow.secret.SecretsLoader - Discovered secrets providers: [nextflow.secret.LocalSecretsProvider@757194dc] - activable => nextflow.secret.LocalSecretsProvider@757194dc
Aug-01 12:43:06.311 [main] DEBUG nextflow.config.ConfigBuilder - Applying config profile: `standard`
Aug-01 12:43:06.996 [main] ERROR nextflow.cli.Launcher - Unable to parse config file: '/home/ywolberg/Yoni_DDD/ddd-cnv/nextflow.config'

  Compile failed for sources FixedSetSources[name='/groovy/script/ScriptDE4275A1A326235768B6904BA557D823/_nf_config_e90669f1']. Cause: org.codehaus.groovy.control.MultipleCompilationErrorsException: startup failed:
  /groovy/script/ScriptDE4275A1A326235768B6904BA557D823/_nf_config_e90669f1: 22: Unexpected input: '{' @ line 22, column 9.
     process {
             ^
  
  1 error

ch.artecat.grengine.except.CompileException: Compile failed for sources FixedSetSources[name='/groovy/script/ScriptDE4275A1A326235768B6904BA557D823/_nf_config_e90669f1']. Cause: org.codehaus.groovy.control.MultipleCompilationErrorsException: startup failed:
/groovy/script/ScriptDE4275A1A326235768B6904BA557D823/_nf_config_e90669f1: 22: Unexpected input: '{' @ line 22, column 9.
   process {
           ^

1 error

	at ch.artecat.grengine.code.groovy.DefaultGroovyCompiler.compile(DefaultGroovyCompiler.java:260)
	at ch.artecat.grengine.load.DefaultTopCodeCache.getUpToDateCode(DefaultTopCodeCache.java:80)
	at ch.artecat.grengine.load.LayeredClassLoader.getTopLoader(LayeredClassLoader.java:251)
	at ch.artecat.grengine.load.LayeredClassLoader.loadMainClass(LayeredClassLoader.java:202)
	at ch.artecat.grengine.engine.LayeredEngine.loadMainClass(LayeredEngine.java:198)
	at ch.artecat.grengine.Grengine.loadMainClass(Grengine.java:679)
	at ch.artecat.grengine.BaseGrengine.load(BaseGrengine.java:538)
	at ch.artecat.grengine.BaseGrengine.load(BaseGrengine.java:421)
	at org.codehaus.groovy.vmplugin.v8.IndyInterface.fromCache(IndyInterface.java:321)
	at nextflow.config.ConfigParser.loadScript(ConfigParser.groovy:231)
	at org.codehaus.groovy.vmplugin.v8.IndyInterface.fromCache(IndyInterface.java:321)
	at nextflow.config.ConfigParser.parse(ConfigParser.groovy:312)
	at org.codehaus.groovy.vmplugin.v8.IndyInterface.fromCache(IndyInterface.java:321)
	at nextflow.config.ConfigBuilder.parse0(ConfigBuilder.groovy:439)
	at org.codehaus.groovy.vmplugin.v8.IndyInterface.fromCache(IndyInterface.java:321)
	at nextflow.config.ConfigBuilder.merge0(ConfigBuilder.groovy:425)
	at org.codehaus.groovy.vmplugin.v8.IndyInterface.fromCache(IndyInterface.java:321)
	at nextflow.config.ConfigBuilder.buildConfig0(ConfigBuilder.groovy:375)
	at org.codehaus.groovy.vmplugin.v8.IndyInterface.fromCache(IndyInterface.java:321)
	at nextflow.config.ConfigBuilder.buildGivenFiles(ConfigBuilder.groovy:320)
	at org.codehaus.groovy.vmplugin.v8.IndyInterface.fromCache(IndyInterface.java:321)
	at nextflow.config.ConfigBuilder.buildConfigObject(ConfigBuilder.groovy:814)
	at org.codehaus.groovy.vmplugin.v8.IndyInterface.fromCache(IndyInterface.java:321)
	at nextflow.config.ConfigBuilder.build(ConfigBuilder.groovy:827)
	at nextflow.cli.CmdRun.run(CmdRun.groovy:328)
	at nextflow.cli.Launcher.run(Launcher.groovy:503)
	at nextflow.cli.Launcher.main(Launcher.groovy:657)
Caused by: org.codehaus.groovy.control.MultipleCompilationErrorsException: startup failed:
/groovy/script/ScriptDE4275A1A326235768B6904BA557D823/_nf_config_e90669f1: 22: Unexpected input: '{' @ line 22, column 9.
   process {
           ^

1 error

	at org.codehaus.groovy.control.ErrorCollector.failIfErrors(ErrorCollector.java:292)
	at org.codehaus.groovy.control.ErrorCollector.addFatalError(ErrorCollector.java:148)
	at org.apache.groovy.parser.antlr4.AstBuilder.collectSyntaxError(AstBuilder.java:4753)
	at org.apache.groovy.parser.antlr4.AstBuilder.access$100(AstBuilder.java:169)
	at org.apache.groovy.parser.antlr4.AstBuilder$3.syntaxError(AstBuilder.java:4764)
	at groovyjarjarantlr4.v4.runtime.ProxyErrorListener.syntaxError(ProxyErrorListener.java:44)
	at groovyjarjarantlr4.v4.runtime.Parser.notifyErrorListeners(Parser.java:543)
	at groovyjarjarantlr4.v4.runtime.DefaultErrorStrategy.notifyErrorListeners(DefaultErrorStrategy.java:154)
	at org.apache.groovy.parser.antlr4.internal.DescriptiveErrorStrategy.reportInputMismatch(DescriptiveErrorStrategy.java:104)
	at org.apache.groovy.parser.antlr4.internal.DescriptiveErrorStrategy.recover(DescriptiveErrorStrategy.java:55)
	at org.apache.groovy.parser.antlr4.internal.DescriptiveErrorStrategy.recoverInline(DescriptiveErrorStrategy.java:68)
	at groovyjarjarantlr4.v4.runtime.Parser.match(Parser.java:213)
	at org.apache.groovy.parser.antlr4.GroovyParser.compilationUnit(GroovyParser.java:368)
	at org.apache.groovy.parser.antlr4.AstBuilder.buildCST(AstBuilder.java:243)
	at org.apache.groovy.parser.antlr4.AstBuilder.buildCST(AstBuilder.java:221)
	at org.apache.groovy.parser.antlr4.AstBuilder.buildAST(AstBuilder.java:262)
	at org.apache.groovy.parser.antlr4.Antlr4ParserPlugin.buildAST(Antlr4ParserPlugin.java:58)
	at org.codehaus.groovy.control.SourceUnit.buildAST(SourceUnit.java:256)
	at java.base/java.util.Iterator.forEachRemaining(Iterator.java:133)
	at java.base/java.util.Spliterators$IteratorSpliterator.forEachRemaining(Spliterators.java:1939)
	at java.base/java.util.stream.ReferencePipeline$Head.forEach(ReferencePipeline.java:762)
	at org.codehaus.groovy.control.CompilationUnit.compile(CompilationUnit.java:663)
	at ch.artecat.grengine.code.groovy.DefaultGroovyCompiler.compile(DefaultGroovyCompiler.java:229)
	... 26 common frames omitted
